{
  "status_code": 1,
  "console": [
    {
      "port": "stdout",
      "lines": [
        "must error"
      ]
    },
    {
      "port": "stderr",
      "lines": [
        "Traceback (most recent call last):",
        "  File \"ROOT/monogusa/web/runtime.py\", line 39, in handle",
        "    yield s",
        "  File \"./web.py\", line 19, in must_error",
        "    commands.must_error()",
        "  File \"./commands.py\", line 3, in must_error",
        "    1 / 0",
        "ZeroDivisionError: division by zero"
      ]
    }
  ]
}
